<?xml version="1.0" encoding="UTF-8"?>
<!-- Generated by org.testng.reporters.JUnitReportReporter -->
<testsuite skipped="0" hostname="DESKTOP-M13UDRJ" name="com.flipkart.AppTest" tests="1" failures="0" timestamp="18 Apr 2019 20:39:06 GMT" time="0.026" errors="0">
  <testcase name="sampleTest" time="0.026" classname="com.flipkart.AppTest"/>
</testsuite> <!-- com.flipkart.AppTest -->
