<?xml version="1.0" encoding="UTF-8"?>
<!-- Generated by org.testng.reporters.JUnitReportReporter -->
<testsuite skipped="0" hostname="DESKTOP-M13UDRJ" name="com.flipkart.AppTest" tests="1" failures="0" timestamp="01 Apr 2019 16:12:01 GMT" time="0.017" errors="0">
  <testcase name="sampleTest" time="0.017" classname="com.flipkart.AppTest"/>
</testsuite> <!-- com.flipkart.AppTest -->
