<?xml version="1.0" encoding="UTF-8"?>
<!-- Generated by org.testng.reporters.JUnitReportReporter -->
<testsuite skipped="0" hostname="DESKTOP-M13UDRJ" name="com.flipkart.AppTest" tests="1" failures="0" timestamp="19 Apr 2019 17:53:08 GMT" time="0.030" errors="0">
  <testcase name="sampleTest" time="0.030" classname="com.flipkart.AppTest"/>
</testsuite> <!-- com.flipkart.AppTest -->
