<?xml version="1.0" encoding="UTF-8"?>
<!-- Generated by org.testng.reporters.JUnitReportReporter -->
<testsuite skipped="0" hostname="DESKTOP-M13UDRJ" name="com.flipkart.AppTest" tests="1" failures="0" timestamp="2019-04-01T16:22:10 CDT" time="0.016" errors="0">
  <testcase name="sampleTest" time="0.016" classname="com.flipkart.AppTest"/>
</testsuite> <!-- com.flipkart.AppTest -->
